libdns.so.142->pkcs_C_CreateObject
libdns.so.142->pkcs_C_DestroyObject
libdns.so.142->pkcs_C_FindObjects
libdns.so.142->pkcs_C_FindObjectsFinal
libdns.so.142->pkcs_C_FindObjectsInit
libdns.so.142->pkcs_C_SignFinal
libdns.so.142->pkcs_C_SignInit
libdns.so.142->pkcs_C_SignUpdate
libdns.so.142->pkcs_C_VerifyFinal
libdns.so.142->pkcs_C_VerifyInit
libdns.so.142->pkcs_C_VerifyUpdate
libisc.so.142->pkcs_C_CloseSession
libisc.so.142->pkcs_C_DigestFinal
libisc.so.142->pkcs_C_DigestInit
libisc.so.142->pkcs_C_DigestUpdate
libisc.so.142->pkcs_C_Finalize
libisc.so.142->pkcs_C_GenerateRandom
libisc.so.142->pkcs_C_GetMechanismInfo
libisc.so.142->pkcs_C_GetSlotList
libisc.so.142->pkcs_C_GetTokenInfo
libisc.so.142->pkcs_C_Initialize
libisc.so.142->pkcs_C_Login
libisc.so.142->pkcs_C_OpenSession
